<?xml version="1.0" encoding="UTF-8"?>
<!-- Generated by org.testng.reporters.JUnitXMLReporter -->
<testsuite ignored="4" hostname="Shreyas-N" failures="0" tests="3" name="Test" time="55.986" errors="0" timestamp="2025-09-26T16:22:33 IST">
  <testcase classname="TestCases.TC_01LoginTest" name="verifyLoginWithValidCredentials" time="46.404"/>
  <testcase classname="TestCases.TC_02CreatePatientTest" name="CNP" time="4.871"/>
  <testcase classname="TestCases.TC_03AddServicesTest" name="ADT" time="4.237"/>
  <testcase classname="TestBase.BaseClass" name="@BeforeSuite setup" time="0.0">
    <ignored/>
  </testcase> <!-- @BeforeSuite setup -->
  <testcase classname="TestBase.BaseClass" name="@AfterSuite teardown" time="0.0">
    <ignored/>
  </testcase> <!-- @AfterSuite teardown -->
  <testcase classname="TestBase.BaseClass" name="@BeforeSuite setup" time="0.0">
    <ignored/>
  </testcase> <!-- @BeforeSuite setup -->
  <testcase classname="TestBase.BaseClass" name="@AfterSuite teardown" time="0.0">
    <ignored/>
  </testcase> <!-- @AfterSuite teardown -->
</testsuite> <!-- Test -->
