<?xml version="1.0" encoding="UTF-8"?>
<!-- Generated by org.testng.reporters.JUnitXMLReporter -->
<testsuite ignored="4" hostname="Shreyas-N" failures="1" tests="3" name="Test" time="82.086" errors="0" timestamp="2025-09-27T15:29:26 IST">
  <testcase classname="TestCases.TC_01LoginTest" name="verifyLoginWithValidCredentials" time="59.802">
    <failure type="java.lang.AssertionError" message="❌ Login failed: Logo was not displayed after login expected [true] but found [false]">
      <![CDATA[java.lang.AssertionError: ❌ Login failed: Logo was not displayed after login expected [true] but found [false]
at TestCases.TC_01LoginTest.verifyLoginWithValidCredentials(TC_01LoginTest.java:23)
at java.base/java.util.ArrayList.forEach(ArrayList.java:1604)
... Removed 32 stack frames]]>
    </failure>
  </testcase> <!-- verifyLoginWithValidCredentials -->
  <testcase classname="TestCases.TC_02CreatePatientTest" name="CNP" time="11.433"/>
  <testcase classname="TestCases.TC_03AddServicesTest" name="ADT" time="9.267"/>
  <testcase classname="TestBase.BaseClass" name="@BeforeSuite setup" time="0.0">
    <ignored/>
  </testcase> <!-- @BeforeSuite setup -->
  <testcase classname="TestBase.BaseClass" name="@AfterSuite teardown" time="0.0">
    <ignored/>
  </testcase> <!-- @AfterSuite teardown -->
  <testcase classname="TestBase.BaseClass" name="@BeforeSuite setup" time="0.0">
    <ignored/>
  </testcase> <!-- @BeforeSuite setup -->
  <testcase classname="TestBase.BaseClass" name="@AfterSuite teardown" time="0.0">
    <ignored/>
  </testcase> <!-- @AfterSuite teardown -->
</testsuite> <!-- Test -->
