<?xml version="1.0" encoding="UTF-8"?>
<testng-results ignored="0" total="3" passed="2" failed="1" skipped="0">
  <reporter-output>
  </reporter-output>
  <suite started-at="2025-09-27T15:27:59 IST" name="Suite" finished-at="2025-09-27T15:29:21 IST" duration-ms="82086">
    <groups>
    </groups>
    <test started-at="2025-09-27T15:27:59 IST" name="Test" finished-at="2025-09-27T15:29:21 IST" duration-ms="82086">
      <class name="TestCases.TC_01LoginTest">
        <test-method is-config="true" signature="setup()[pri:0, instance:TestCases.TC_01LoginTest@5717c37]" started-at="2025-09-27T15:27:43 IST" name="setup" finished-at="2025-09-27T15:27:59 IST" duration-ms="15927" status="PASS">
          <reporter-output>
          </reporter-output>
        </test-method> <!-- setup -->
        <test-method signature="verifyLoginWithValidCredentials()[pri:0, instance:TestCases.TC_01LoginTest@5717c37]" started-at="2025-09-27T15:28:00 IST" name="verifyLoginWithValidCredentials" finished-at="2025-09-27T15:29:00 IST" duration-ms="59802" status="FAIL">
          <exception class="java.lang.AssertionError">
            <message>
              <![CDATA[❌ Login failed: Logo was not displayed after login expected [true] but found [false]]]>
            </message>
            <full-stacktrace>
              <![CDATA[java.lang.AssertionError: ❌ Login failed: Logo was not displayed after login expected [true] but found [false]
at org.testng.Assert.fail(Assert.java:111)
at org.testng.Assert.failNotEquals(Assert.java:1590)
at org.testng.Assert.assertTrue(Assert.java:57)
at TestCases.TC_01LoginTest.verifyLoginWithValidCredentials(TC_01LoginTest.java:23)
at java.base/jdk.internal.reflect.DirectMethodHandleAccessor.invoke(DirectMethodHandleAccessor.java:104)
at java.base/java.lang.reflect.Method.invoke(Method.java:565)
at org.testng.internal.invokers.MethodInvocationHelper.invokeMethod(MethodInvocationHelper.java:141)
at org.testng.internal.invokers.TestInvoker.invokeMethod(TestInvoker.java:687)
at org.testng.internal.invokers.TestInvoker.invokeTestMethod(TestInvoker.java:230)
at org.testng.internal.invokers.MethodRunner.runInSequence(MethodRunner.java:63)
at org.testng.internal.invokers.TestInvoker$MethodInvocationAgent.invoke(TestInvoker.java:995)
at org.testng.internal.invokers.TestInvoker.invokeTestMethods(TestInvoker.java:203)
at org.testng.internal.invokers.TestMethodWorker.invokeTestMethods(TestMethodWorker.java:154)
at org.testng.internal.invokers.TestMethodWorker.run(TestMethodWorker.java:134)
at java.base/java.util.ArrayList.forEach(ArrayList.java:1604)
at org.testng.TestRunner.privateRun(TestRunner.java:741)
at org.testng.TestRunner.run(TestRunner.java:616)
at org.testng.SuiteRunner.runTest(SuiteRunner.java:421)
at org.testng.SuiteRunner.runSequentially(SuiteRunner.java:413)
at org.testng.SuiteRunner.privateRun(SuiteRunner.java:373)
at org.testng.SuiteRunner.run(SuiteRunner.java:312)
at org.testng.SuiteRunnerWorker.runSuite(SuiteRunnerWorker.java:52)
at org.testng.SuiteRunnerWorker.run(SuiteRunnerWorker.java:95)
at org.testng.TestNG.runSuitesSequentially(TestNG.java:1274)
at org.testng.TestNG.runSuitesLocally(TestNG.java:1208)
at org.testng.TestNG.runSuites(TestNG.java:1112)
at org.testng.TestNG.run(TestNG.java:1079)
at org.apache.maven.surefire.testng.TestNGExecutor.run(TestNGExecutor.java:308)
at org.apache.maven.surefire.testng.TestNGXmlTestSuite.execute(TestNGXmlTestSuite.java:71)
at org.apache.maven.surefire.testng.TestNGProvider.invoke(TestNGProvider.java:113)
at org.apache.maven.surefire.booter.ForkedBooter.runSuitesInProcess(ForkedBooter.java:385)
at org.apache.maven.surefire.booter.ForkedBooter.execute(ForkedBooter.java:162)
at org.apache.maven.surefire.booter.ForkedBooter.run(ForkedBooter.java:507)
at org.apache.maven.surefire.booter.ForkedBooter.main(ForkedBooter.java:495)
]]>
            </full-stacktrace>
          </exception> <!-- java.lang.AssertionError -->
          <reporter-output>
          </reporter-output>
        </test-method> <!-- verifyLoginWithValidCredentials -->
        <test-method is-config="true" signature="teardown()[pri:0, instance:TestCases.TC_01LoginTest@5717c37]" started-at="2025-09-27T15:29:26 IST" name="teardown" finished-at="2025-09-27T15:29:28 IST" duration-ms="1209" status="PASS">
          <reporter-output>
          </reporter-output>
        </test-method> <!-- teardown -->
      </class> <!-- TestCases.TC_01LoginTest -->
      <class name="TestCases.TC_03AddServicesTest">
        <test-method signature="ADT()[pri:0, instance:TestCases.TC_03AddServicesTest@45d2ade3]" started-at="2025-09-27T15:29:12 IST" name="ADT" finished-at="2025-09-27T15:29:21 IST" duration-ms="9267" status="PASS">
          <reporter-output>
          </reporter-output>
        </test-method> <!-- ADT -->
      </class> <!-- TestCases.TC_03AddServicesTest -->
      <class name="TestCases.TC_02CreatePatientTest">
        <test-method signature="CNP()[pri:0, instance:TestCases.TC_02CreatePatientTest@3c01cfa1]" started-at="2025-09-27T15:29:01 IST" name="CNP" finished-at="2025-09-27T15:29:12 IST" duration-ms="11433" status="PASS">
          <reporter-output>
          </reporter-output>
        </test-method> <!-- CNP -->
      </class> <!-- TestCases.TC_02CreatePatientTest -->
    </test> <!-- Test -->
  </suite> <!-- Suite -->
</testng-results>
